Sender: LSF System <lsfadmin@host312.jc.rl.ac.uk>
Subject: Job 4128658: <#!/bin/bash ;#BSUB -o %J.out ;#BSUB -e %J.err ;#BSUB -W 08:00; find -L /badc/cru/data/ -name "*.nc" -o -name "*.nc.gz" | xargs -I{} echo {} > ../data/raw/cru_files.txt> in cluster <lotus> Done

Job <#!/bin/bash ;#BSUB -o %J.out ;#BSUB -e %J.err ;#BSUB -W 08:00; find -L /badc/cru/data/ -name "*.nc" -o -name "*.nc.gz" | xargs -I{} echo {} > ../data/raw/cru_files.txt> was submitted from host <jasmin-sci1-panfs.ceda.ac.uk> by user <sljack> in cluster <lotus>.
Job was executed on host(s) <host312.jc.rl.ac.uk>, in queue <short-serial>, as user <sljack> in cluster <lotus>.
</home/users/sljack> was used as the home directory.
</home/users/sljack/git/files-for-climate/jobs> was used as the working directory.
Started at Results reported on 
Your job looked like:

------------------------------------------------------------
# LSBATCH: User input
#!/bin/bash 
#BSUB -o %J.out 
#BSUB -e %J.err 
#BSUB -W 08:00

find -L /badc/cru/data/ -name "*.nc" -o -name "*.nc.gz" | xargs -I{} echo {} > ../data/raw/cru_files.txt

------------------------------------------------------------

Successfully completed.

Resource usage summary:

    CPU time :                                   2.09 sec.
    Max Memory :                                 -
    Average Memory :                             -
    Total Requested Memory :                     -
    Delta Memory :                               -
    Max Swap :                                   -
    Max Processes :                              -
    Max Threads :                                -
    Run time :                                   20 sec.
    Turnaround time :                            14 sec.

The output (if any) follows:



PS:

Read file <4128658.err> for stderr output of this job.

